2025-04-07 21:15:44,391 - INFO - Successfully fetched sitemap from https://www.refurbed.de/sitemap-marketplace.xml
2025-04-07 21:15:45,528 - INFO - Found 6674 relevant product URLs for Refurbed
2025-04-07 21:15:45,529 - INFO - 
Exclusion Summary for Refurbed:
2025-04-07 21:15:45,529 - INFO - gear: 29 URLs
2025-04-07 21:15:45,529 - INFO -   Example: https://www.refurbed.de/p/samsung-gear-iconx-sm-r150/
2025-04-07 21:15:45,529 - INFO -   Example: https://www.refurbed.de/p/netgear-wlan-repeater/
2025-04-07 21:15:45,529 - INFO -   Example: https://www.refurbed.de/p/samsung-gear-fit/
2025-04-07 21:15:45,529 - INFO -   ... and 26 more
2025-04-07 21:15:45,529 - INFO - fitbit: 17 URLs
2025-04-07 21:15:45,529 - INFO -   Example: https://www.refurbed.de/p/fitbit-charge-6/
2025-04-07 21:15:45,529 - INFO -   Example: https://www.refurbed.de/p/fitbit-versa-4/
2025-04-07 21:15:45,529 - INFO -   Example: https://www.refurbed.de/p/fitbit-sense/
2025-04-07 21:15:45,529 - INFO -   ... and 14 more
2025-04-07 21:15:45,529 - INFO - case: 31 URLs
2025-04-07 21:15:45,529 - INFO -   Example: https://www.refurbed.de/p/mw-harshell-laptop-case/
2025-04-07 21:15:45,529 - INFO -   Example: https://www.refurbed.de/p/holdit-recycled-phone-case/
2025-04-07 21:15:45,529 - INFO -   Example: https://www.refurbed.de/p/imoshion-transparent-phone-case/
2025-04-07 21:15:45,529 - INFO -   ... and 28 more
2025-04-07 21:15:45,529 - INFO - watch: 137 URLs
2025-04-07 21:15:45,529 - INFO -   Example: https://www.refurbed.de/p/apple-watch-series-9-alu-41mm/
2025-04-07 21:15:45,529 - INFO -   Example: https://www.refurbed.de/p/vodafone-v-kids-watch/
2025-04-07 21:15:45,530 - INFO -   Example: https://www.refurbed.de/p/oppo-watch-alu-46mm/
2025-04-07 21:15:45,530 - INFO -   ... and 134 more
2025-04-07 21:15:45,530 - INFO - keyboard: 40 URLs
2025-04-07 21:15:45,530 - INFO -   Example: https://www.refurbed.de/p/logitech-g-pro-gaming-keyboard/
2025-04-07 21:15:45,530 - INFO -   Example: https://www.refurbed.de/p/apple-magic-keyboard/
2025-04-07 21:15:45,530 - INFO -   Example: https://www.refurbed.de/p/apple-magic-keyboard-numblock/
2025-04-07 21:15:45,530 - INFO -   ... and 37 more
2025-04-07 21:15:45,530 - INFO - google-home: 4 URLs
2025-04-07 21:15:45,530 - INFO -   Example: https://www.refurbed.de/p/google-home/
2025-04-07 21:15:45,530 - INFO -   Example: https://www.refurbed.de/p/google-home-hub-max/
2025-04-07 21:15:45,530 - INFO -   Example: https://www.refurbed.de/p/google-home-max/
2025-04-07 21:15:45,530 - INFO -   ... and 1 more
2025-04-07 21:15:45,530 - INFO - cover: 25 URLs
2025-04-07 21:15:45,530 - INFO -   Example: https://www.refurbed.de/p/samsung-galaxy-xcover-7/
2025-04-07 21:15:45,530 - INFO -   Example: https://www.refurbed.de/p/apple-mackbook-air-13-cover/
2025-04-07 21:15:45,530 - INFO -   Example: https://www.refurbed.de/p/samsung-ef-dx915-book-cover-kbrd/
2025-04-07 21:15:45,530 - INFO -   ... and 22 more
2025-04-07 21:15:45,530 - INFO - mouse: 19 URLs
2025-04-07 21:15:45,530 - INFO -   Example: https://www.refurbed.de/p/hp-elite-presenter-mouse/
2025-04-07 21:15:45,530 - INFO -   Example: https://www.refurbed.de/p/microsoft-comfort-mouse-4500/
2025-04-07 21:15:45,531 - INFO -   Example: https://www.refurbed.de/p/g-lab-kult-radium-mouse/
2025-04-07 21:15:45,531 - INFO -   ... and 16 more
2025-04-07 21:15:45,531 - INFO - camera: 10 URLs
2025-04-07 21:15:45,531 - INFO -   Example: https://www.refurbed.de/p/daewoo-camera-ep501/
2025-04-07 21:15:45,531 - INFO -   Example: https://www.refurbed.de/p/ion-camocam-wi-fi-action-camera/
2025-04-07 21:15:45,531 - INFO -   Example: https://www.refurbed.de/p/netatmo-smart-outdoor-camera/
2025-04-07 21:15:45,531 - INFO -   ... and 7 more
2025-04-07 21:15:45,531 - INFO - nest: 4 URLs
2025-04-07 21:15:45,531 - INFO -   Example: https://www.refurbed.de/p/google-nest-cam-outdoor/
2025-04-07 21:15:45,531 - INFO -   Example: https://www.refurbed.de/p/google-nest-cam-indoor/
2025-04-07 21:15:45,531 - INFO -   Example: https://www.refurbed.de/p/google-nest-mini/
2025-04-07 21:15:45,531 - INFO -   ... and 1 more
2025-04-07 21:15:45,531 - INFO - speaker: 12 URLs
2025-04-07 21:15:45,531 - INFO -   Example: https://www.refurbed.de/p/xiaomi-mi-portable-bt-speaker/
2025-04-07 21:15:45,531 - INFO -   Example: https://www.refurbed.de/p/bose-251-speakers/
2025-04-07 21:15:45,531 - INFO -   Example: https://www.refurbed.de/p/raycon-the-power-boombox-speaker/
2025-04-07 21:15:45,531 - INFO -   ... and 9 more
2025-04-07 21:15:45,531 - INFO - headphone: 1 URLs
2025-04-07 21:15:45,531 - INFO -   Example: https://www.refurbed.de/p/bose-anc-headphones-700/
2025-04-07 21:15:45,531 - INFO - docking: 31 URLs
2025-04-07 21:15:45,531 - INFO -   Example: https://www.refurbed.de/p/hp-120w-advanced-docking/
2025-04-07 21:15:45,532 - INFO -   Example: https://www.refurbed.de/p/hp-hstnn-ix01-dockingstation/
2025-04-07 21:15:45,532 - INFO -   Example: https://www.refurbed.de/p/dell-docking-station-k07a/
2025-04-07 21:15:45,532 - INFO -   ... and 28 more
2025-04-07 21:15:45,532 - INFO - charger: 17 URLs
2025-04-07 21:15:45,532 - INFO -   Example: https://www.refurbed.de/p/charger-lightning-panzerglass/
2025-04-07 21:15:45,532 - INFO -   Example: https://www.refurbed.de/p/charger-65w-laptop-sleeve/
2025-04-07 21:15:45,532 - INFO -   Example: https://www.refurbed.de/p/bundle-charger-20w-usbc-lghtng/
2025-04-07 21:15:45,532 - INFO -   ... and 14 more
2025-04-07 21:15:45,532 - INFO - airpods: 14 URLs
2025-04-07 21:15:45,532 - INFO -   Example: https://www.refurbed.de/p/apple-airpods-pro-2/
2025-04-07 21:15:45,532 - INFO -   Example: https://www.refurbed.de/p/holdit-recycled-airpodspro-case/
2025-04-07 21:15:45,532 - INFO -   Example: https://www.refurbed.de/p/apple-airpods-max-2024/
2025-04-07 21:15:45,532 - INFO -   ... and 11 more
2025-04-07 21:15:45,532 - INFO - homepod: 3 URLs
2025-04-07 21:15:45,532 - INFO -   Example: https://www.refurbed.de/p/apple-homepod-mini/
2025-04-07 21:15:45,532 - INFO -   Example: https://www.refurbed.de/p/apple-homepod-2nd-generation/
2025-04-07 21:15:45,532 - INFO -   Example: https://www.refurbed.de/p/apple-homepod/
2025-04-07 21:15:45,532 - INFO - band: 20 URLs
2025-04-07 21:15:45,532 - INFO -   Example: https://www.refurbed.de/p/huawei-band-3-pro/
2025-04-07 21:15:45,532 - INFO -   Example: https://www.refurbed.de/p/honor-band-7/
2025-04-07 21:15:45,533 - INFO -   Example: https://www.refurbed.de/p/xiaomi-mi-band-4/
2025-04-07 21:15:45,533 - INFO -   ... and 17 more
2025-04-07 21:15:45,533 - INFO - earbuds: 11 URLs
2025-04-07 21:15:45,533 - INFO -   Example: https://www.refurbed.de/p/nokia-clarity-earbuds-plus/
2025-04-07 21:15:45,533 - INFO -   Example: https://www.refurbed.de/p/bose-quietcomfort-earbuds-ii/
2025-04-07 21:15:45,533 - INFO -   Example: https://www.refurbed.de/p/honor-earbuds-3-pro/
2025-04-07 21:15:45,533 - INFO -   ... and 8 more
2025-04-07 21:15:45,533 - INFO - adapter: 14 URLs
2025-04-07 21:15:45,533 - INFO -   Example: https://www.refurbed.de/p/honor-supercharge-power-adapter/
2025-04-07 21:15:45,533 - INFO -   Example: https://www.refurbed.de/p/lenovo-usb-ac-adapter-usb-typ-c/
2025-04-07 21:15:45,533 - INFO -   Example: https://www.refurbed.de/p/otg-adapter-lghtng-3port/
2025-04-07 21:15:45,533 - INFO -   ... and 11 more
2025-04-07 21:15:45,533 - INFO - trackpad: 3 URLs
2025-04-07 21:15:45,533 - INFO -   Example: https://www.refurbed.de/p/apple-magic-trackpad-3/
2025-04-07 21:15:45,533 - INFO -   Example: https://www.refurbed.de/p/apple-magic-trackpad-2/
2025-04-07 21:15:45,533 - INFO -   Example: https://www.refurbed.de/p/apple-magic-trackpad/
2025-04-07 21:15:45,533 - INFO - printer: 1 URLs
2025-04-07 21:15:45,533 - INFO -   Example: https://www.refurbed.de/p/kodak-photo-printer-dock-450/
2025-04-07 21:15:45,533 - INFO - cable: 9 URLs
2025-04-07 21:15:45,533 - INFO -   Example: https://www.refurbed.de/p/bundle-charge-20w-magnetic-cable/
2025-04-07 21:15:45,533 - INFO -   Example: https://www.refurbed.de/p/dell-0c6y7m-cable/
2025-04-07 21:15:45,534 - INFO -   Example: https://www.refurbed.de/p/dell-qsfp-direct-attach-cable/
2025-04-07 21:15:45,534 - INFO -   ... and 6 more
2025-04-07 21:15:45,534 - INFO - screen-protector: 2 URLs
2025-04-07 21:15:45,534 - INFO -   Example: https://www.refurbed.de/p/screen-protector-samsung-tablet/
2025-04-07 21:15:45,534 - INFO -   Example: https://www.refurbed.de/p/screen-protector-ipad/
2025-04-07 21:15:45,534 - INFO - webcam: 3 URLs
2025-04-07 21:15:45,534 - INFO -   Example: https://www.refurbed.de/p/xiaomi-imilab-1080p-webcam/
2025-04-07 21:15:45,534 - INFO -   Example: https://www.refurbed.de/p/lenovo-essential-fhd-webcam/
2025-04-07 21:15:45,534 - INFO -   Example: https://www.refurbed.de/p/lenovo-500-fhd-webcam/
2025-04-07 21:15:45,534 - INFO - echo: 6 URLs
2025-04-07 21:15:45,534 - INFO -   Example: https://www.refurbed.de/p/amazon-echo-show-5-gen-2/
2025-04-07 21:15:45,534 - INFO -   Example: https://www.refurbed.de/p/amazon-echo-gen-2/
2025-04-07 21:15:45,534 - INFO -   Example: https://www.refurbed.de/p/amazon-echo-dot-gen-4/
2025-04-07 21:15:45,534 - INFO -   ... and 3 more
2025-04-07 21:15:45,582 - INFO - Successfully saved 6674 URLs to /home/runner/work/M3-scraper/M3-scraper/github/Sitemaps/refurbed_urls.txt
