2025-04-08 16:00:22,326 - INFO - Database setup complete at /home/runner/work/M3-scraper/M3-scraper/github/products.db
2025-04-08 16:00:25,691 - INFO - Successfully uploaded products from /home/runner/work/M3-scraper/M3-scraper/github/Scraped/refurbed_080425_products.csv
2025-04-08 16:00:25,691 - INFO - Processed latest product file: /home/runner/work/M3-scraper/M3-scraper/github/Scraped/refurbed_080425_products.csv
2025-04-08 16:00:29,493 - INFO - Successfully uploaded price history from /home/runner/work/M3-scraper/M3-scraper/github/Scraped/refurbed_080425_prices.csv
2025-04-08 16:00:29,493 - INFO - Processed latest price file: /home/runner/work/M3-scraper/M3-scraper/github/Scraped/refurbed_080425_prices.csv
2025-04-10 12:11:34,403 - INFO - Database setup complete at C:\Users\samil\Documents\PythonScripts\Scraper\M3-scraper\github\products.db
2025-04-10 12:11:34,713 - INFO - Successfully uploaded products from C:\Users\samil\Documents\PythonScripts\Scraper\M3-scraper\github\Scraped\refurbed_080425_products.csv
2025-04-10 12:11:34,713 - INFO - Processed latest product file: C:\Users\samil\Documents\PythonScripts\Scraper\M3-scraper\github\Scraped\refurbed_080425_products.csv
2025-04-10 12:11:45,238 - INFO - Successfully uploaded price history from C:\Users\samil\Documents\PythonScripts\Scraper\M3-scraper\github\Scraped\refurbed_080425_prices.csv
2025-04-10 12:11:45,238 - INFO - Processed latest price file: C:\Users\samil\Documents\PythonScripts\Scraper\M3-scraper\github\Scraped\refurbed_080425_prices.csv
2025-04-13 06:12:08,608 - INFO - Database setup complete at /home/runner/work/M3-scraper/M3-scraper/github/products.db
2025-04-13 06:12:12,483 - INFO - Successfully uploaded products from /home/runner/work/M3-scraper/M3-scraper/github/Scraped/refurbed_250413_products.csv
2025-04-13 06:12:12,483 - INFO - Processed latest product file: /home/runner/work/M3-scraper/M3-scraper/github/Scraped/refurbed_250413_products.csv
2025-04-13 06:12:16,518 - INFO - Successfully uploaded price history from /home/runner/work/M3-scraper/M3-scraper/github/Scraped/refurbed_250413_prices.csv
2025-04-13 06:12:16,519 - INFO - Processed latest price file: /home/runner/work/M3-scraper/M3-scraper/github/Scraped/refurbed_250413_prices.csv
2025-04-21 00:24:42,607 - INFO - Database setup complete at /home/runner/work/M3-scraper/M3-scraper/github/products.db
2025-04-21 00:24:45,692 - INFO - Successfully uploaded products from /home/runner/work/M3-scraper/M3-scraper/github/Scraped/refurbed_250421_products.csv
2025-04-21 00:24:45,693 - INFO - Processed latest product file: /home/runner/work/M3-scraper/M3-scraper/github/Scraped/refurbed_250421_products.csv
2025-04-21 00:24:48,593 - INFO - Successfully uploaded price history from /home/runner/work/M3-scraper/M3-scraper/github/Scraped/refurbed_250421_prices.csv
2025-04-21 00:24:48,594 - INFO - Processed latest price file: /home/runner/work/M3-scraper/M3-scraper/github/Scraped/refurbed_250421_prices.csv
2025-05-04 05:07:19,501 - INFO - Database setup complete at /home/runner/work/M3-scraper/M3-scraper/github/products.db
2025-05-04 05:07:23,311 - INFO - Successfully uploaded products from /home/runner/work/M3-scraper/M3-scraper/github/Scraped/refurbed_250504_products.csv
2025-05-04 05:07:23,311 - INFO - Processed latest Refurbed product file: /home/runner/work/M3-scraper/M3-scraper/github/Scraped/refurbed_250504_products.csv
2025-05-04 05:07:27,374 - INFO - Successfully uploaded price history from /home/runner/work/M3-scraper/M3-scraper/github/Scraped/refurbed_250504_prices.csv
2025-05-04 05:07:27,374 - INFO - Processed latest Refurbed price file: /home/runner/work/M3-scraper/M3-scraper/github/Scraped/refurbed_250504_prices.csv
2025-05-04 05:07:27,441 - INFO - Successfully uploaded products from /home/runner/work/M3-scraper/M3-scraper/github/Scraped/backmarket_250425_products.csv
2025-05-04 05:07:27,441 - INFO - Processed latest Backmarket product file: /home/runner/work/M3-scraper/M3-scraper/github/Scraped/backmarket_250425_products.csv
2025-05-04 05:07:27,484 - INFO - Successfully uploaded price history from /home/runner/work/M3-scraper/M3-scraper/github/Scraped/backmarket_250425_prices.csv
2025-05-04 05:07:27,484 - INFO - Processed latest Backmarket price file: /home/runner/work/M3-scraper/M3-scraper/github/Scraped/backmarket_250425_prices.csv
2025-05-11 05:09:33,621 - INFO - Database setup complete at /home/runner/work/M3-scraper/M3-scraper/github/products.db
2025-05-11 05:09:36,378 - INFO - Successfully uploaded products from /home/runner/work/M3-scraper/M3-scraper/github/Scraped/refurbed_250511_products.csv
2025-05-11 05:09:36,379 - INFO - Processed latest Refurbed product file: /home/runner/work/M3-scraper/M3-scraper/github/Scraped/refurbed_250511_products.csv
2025-05-11 05:09:39,015 - INFO - Successfully uploaded price history from /home/runner/work/M3-scraper/M3-scraper/github/Scraped/refurbed_250511_prices.csv
2025-05-11 05:09:39,015 - INFO - Processed latest Refurbed price file: /home/runner/work/M3-scraper/M3-scraper/github/Scraped/refurbed_250511_prices.csv
2025-05-11 05:09:39,021 - INFO - Successfully uploaded products from /home/runner/work/M3-scraper/M3-scraper/github/Scraped/backmarket_250425_products.csv
2025-05-11 05:09:39,021 - INFO - Processed latest Backmarket product file: /home/runner/work/M3-scraper/M3-scraper/github/Scraped/backmarket_250425_products.csv
2025-05-11 05:09:39,053 - INFO - Successfully uploaded price history from /home/runner/work/M3-scraper/M3-scraper/github/Scraped/backmarket_250425_prices.csv
2025-05-11 05:09:39,053 - INFO - Processed latest Backmarket price file: /home/runner/work/M3-scraper/M3-scraper/github/Scraped/backmarket_250425_prices.csv
