2025-06-08 05:07:40,651 - INFO - Starting price prediction process
2025-06-08 05:07:40,651 - INFO - Loading data files...
2025-06-08 05:07:40,703 - INFO - Loaded Refurbed_250312.json with 6589 products
2025-06-08 05:07:40,754 - INFO - Loaded Refurbed_250413.json with 6685 products
2025-06-08 05:07:40,805 - INFO - Loaded Refurbed_250525.json with 6801 products
2025-06-08 05:07:40,855 - INFO - Loaded Refurbed_250421.json with 6709 products
2025-06-08 05:07:40,979 - INFO - Loaded Refurbed_250511.json with 6760 products
2025-06-08 05:07:41,031 - INFO - Loaded Refurbed_250601.json with 6799 products
2025-06-08 05:07:41,082 - INFO - Loaded Refurbed_250518.json with 6773 products
2025-06-08 05:07:41,133 - INFO - Loaded Refurbed_250504.json with 6743 products
2025-06-08 05:07:41,184 - INFO - Loaded Refurbed_250608.json with 6849 products
2025-06-08 05:07:41,184 - INFO - Found 9 data files
2025-06-08 05:07:41,184 - INFO - Preparing price history...
2025-06-08 05:07:41,303 - INFO - Prepared price history for 6865 products
2025-06-08 05:07:41,303 - INFO - Building prediction models...
2025-06-08 05:07:47,432 - INFO - Built prediction models for 6800 products
2025-06-08 05:07:47,432 - INFO - Generating predictions...
2025-06-08 05:07:48,963 - INFO - Generated predictions for 6800 products
2025-06-08 05:07:48,963 - INFO - Saving predictions...
2025-06-08 05:07:49,357 - INFO - Saved predictions to /home/runner/work/M3-scraper/M3-scraper/docs/price_predictions.json
2025-06-08 05:07:49,358 - INFO - Generating summary statistics...
2025-06-08 05:07:49,365 - INFO - Price prediction process completed successfully
