2025-06-01 05:24:24,570 - INFO - Starting price prediction process
2025-06-01 05:24:24,570 - INFO - Loading data files...
2025-06-01 05:24:24,622 - INFO - Loaded Refurbed_250312.json with 6589 products
2025-06-01 05:24:24,671 - INFO - Loaded Refurbed_250413.json with 6685 products
2025-06-01 05:24:24,721 - INFO - Loaded Refurbed_250525.json with 6801 products
2025-06-01 05:24:24,770 - INFO - Loaded Refurbed_250421.json with 6709 products
2025-06-01 05:24:24,880 - INFO - Loaded Refurbed_250511.json with 6760 products
2025-06-01 05:24:24,931 - INFO - Loaded Refurbed_250601.json with 6799 products
2025-06-01 05:24:24,982 - INFO - Loaded Refurbed_250518.json with 6773 products
2025-06-01 05:24:25,032 - INFO - Loaded Refurbed_250504.json with 6743 products
2025-06-01 05:24:25,033 - INFO - Found 8 data files
2025-06-01 05:24:25,033 - INFO - Preparing price history...
2025-06-01 05:24:25,120 - INFO - Prepared price history for 6814 products
2025-06-01 05:24:25,120 - INFO - Building prediction models...
2025-06-01 05:24:28,592 - INFO - Built prediction models for 3281 products
2025-06-01 05:24:28,592 - INFO - Generating predictions...
2025-06-01 05:24:29,572 - INFO - Generated predictions for 3281 products
2025-06-01 05:24:29,572 - INFO - Saving predictions...
2025-06-01 05:24:29,786 - INFO - Saved predictions to /home/runner/work/M3-scraper/M3-scraper/docs/price_predictions.json
2025-06-01 05:24:29,787 - INFO - Generating summary statistics...
2025-06-01 05:24:29,791 - INFO - Price prediction process completed successfully
