2025-05-25 05:14:49,462 - INFO - Starting price prediction process
2025-05-25 05:14:49,462 - INFO - Loading data files...
2025-05-25 05:14:49,514 - INFO - Loaded Refurbed_250312.json with 6589 products
2025-05-25 05:14:49,563 - INFO - Loaded Refurbed_250413.json with 6685 products
2025-05-25 05:14:49,614 - INFO - Loaded Refurbed_250525.json with 6801 products
2025-05-25 05:14:49,664 - INFO - Loaded Refurbed_250421.json with 6709 products
2025-05-25 05:14:49,783 - INFO - Loaded Refurbed_250511.json with 6760 products
2025-05-25 05:14:49,834 - INFO - Loaded Refurbed_250518.json with 6773 products
2025-05-25 05:14:49,884 - INFO - Loaded Refurbed_250504.json with 6743 products
2025-05-25 05:14:49,884 - INFO - Found 7 data files
2025-05-25 05:14:49,884 - INFO - Preparing price history...
2025-05-25 05:14:49,952 - INFO - Prepared price history for 3294 products
2025-05-25 05:14:49,952 - INFO - Building prediction models...
2025-05-25 05:14:52,990 - INFO - Built prediction models for 2897 products
2025-05-25 05:14:52,990 - INFO - Generating predictions...
2025-05-25 05:14:53,925 - INFO - Generated predictions for 2897 products
2025-05-25 05:14:53,925 - INFO - Saving predictions...
2025-05-25 05:14:54,120 - INFO - Saved predictions to /home/runner/work/M3-scraper/M3-scraper/docs/price_predictions.json
2025-05-25 05:14:54,121 - INFO - Generating summary statistics...
2025-05-25 05:14:54,125 - INFO - Price prediction process completed successfully
